Build started 2017/10/9 14:18:18.
     1>Project "E:\sourcetreeProject\project\StuMgr\StuMgr\StuMgr.vcxproj" on node 2 (Build target(s)).
     1>CustomBuild:
         Uic'ing stumgr.ui...
         Moc'ing forgetpwd.h...
         Moc'ing adduser.h...
         Moc'ing myLabel.h...
         Moc'ing dbmaneger.h...
         Moc'ing showlist.h...
         Moc'ing stumgr.h...
         Rcc'ing stumgr.qrc...
     1>RCC : warning : No resources in 'E:\sourcetreeProject\project\StuMgr\StuMgr\stumgr.qrc'.
         
         Uic'ing showlist.ui...
         Uic'ing dbmaneger.ui...
         Uic'ing forgetpwd.ui...
         Uic'ing adduser.ui...
       ClCompile:
         C:\Program Files (x86)\Microsoft Visual Studio 12.0\VC\bin\CL.exe /c /I.\GeneratedFiles /I. /IC:\Qt\Qt5.4.2\5.4\msvc2013\include /I.\GeneratedFiles\Debug /IC:\Qt\Qt5.4.2\5.4\msvc2013\include\QtCore /IC:\Qt\Qt5.4.2\5.4\msvc2013\include\QtGui /IC:\Qt\Qt5.4.2\5.4\msvc2013\include\QtSql /IC:\Qt\Qt5.4.2\5.4\msvc2013\include\QtWidgets /Zi /nologo /W1 /WX- /Od /Oy- /D UNICODE /D WIN32 /D WIN64 /D QT_DLL /D QT_CORE_LIB /D QT_GUI_LIB /D QT_SQL_LIB /D QT_WIDGETS_LIB /Gm- /EHsc /MDd /GS /fp:precise /Zc:wchar_t /Zc:forScope /Fo"Debug\\" /Fd"Debug\vc120.pdb" /Gd /TP /analyze- /errorReport:prompt adduser.cpp dbmaneger.cpp forgetpwd.cpp GeneratedFiles\Debug\moc_adduser.cpp GeneratedFiles\Debug\moc_dbmaneger.cpp GeneratedFiles\Debug\moc_forgetpwd.cpp GeneratedFiles\Debug\moc_myLabel.cpp GeneratedFiles\Debug\moc_showlist.cpp GeneratedFiles\Debug\moc_stumgr.cpp main.cpp myLabel.cpp myLineEdit.cpp showlist.cpp SqliteSql.cpp student.cpp stumgr.cpp stuSql.cpp teacher.cpp teacherSql.cpp
         adduser.cpp
         dbmaneger.cpp
         forgetpwd.cpp
         moc_adduser.cpp
         moc_dbmaneger.cpp
         moc_forgetpwd.cpp
         moc_myLabel.cpp
         moc_showlist.cpp
         moc_stumgr.cpp
         main.cpp
         myLabel.cpp
         myLineEdit.cpp
         showlist.cpp
         SqliteSql.cpp
         student.cpp
         stumgr.cpp
         stuSql.cpp
         teacher.cpp
         teacherSql.cpp
         Generating Code...
         C:\Program Files (x86)\Microsoft Visual Studio 12.0\VC\bin\CL.exe /c /I.\GeneratedFiles /I. /IC:\Qt\Qt5.4.2\5.4\msvc2013\include /I.\GeneratedFiles\Debug /IC:\Qt\Qt5.4.2\5.4\msvc2013\include\QtCore /IC:\Qt\Qt5.4.2\5.4\msvc2013\include\QtGui /IC:\Qt\Qt5.4.2\5.4\msvc2013\include\QtSql /IC:\Qt\Qt5.4.2\5.4\msvc2013\include\QtWidgets /Zi /nologo /W1 /WX- /Od /Oy- /D UNICODE /D WIN32 /D WIN64 /D QT_DLL /D QT_CORE_LIB /D QT_GUI_LIB /D QT_SQL_LIB /D QT_WIDGETS_LIB /Gm- /EHsc /MDd /GS /fp:precise /Zc:wchar_t /Zc:forScope /Fo"Debug\\" /Fd"Debug\vc120.pdb" /Gd /TP /analyze- /errorReport:prompt GeneratedFiles\qrc_stumgr.cpp
         qrc_stumgr.cpp
       Link:
         C:\Program Files (x86)\Microsoft Visual Studio 12.0\VC\bin\link.exe /ERRORREPORT:PROMPT /OUT:"E:\sourcetreeProject\project\StuMgr\Win32\Debug\\StuMgr.exe" /NOLOGO /LIBPATH:C:\Qt\Qt5.4.2\5.4\msvc2013\lib qtmaind.lib Qt5Cored.lib Qt5Guid.lib Qt5Sqld.lib Qt5Widgetsd.lib kernel32.lib user32.lib gdi32.lib winspool.lib comdlg32.lib advapi32.lib shell32.lib ole32.lib oleaut32.lib uuid.lib odbc32.lib odbccp32.lib /MANIFEST /MANIFESTUAC:"level='asInvoker' uiAccess='false'" /manifest:embed /DEBUG /PDB:"E:\sourcetreeProject\project\StuMgr\Win32\Debug\StuMgr.pdb" /SUBSYSTEM:WINDOWS /TLBID:1 /DYNAMICBASE /NXCOMPAT /IMPLIB:"E:\sourcetreeProject\project\StuMgr\Win32\Debug\StuMgr.lib" /MACHINE:X86 /SAFESEH Debug\adduser.obj
         Debug\dbmaneger.obj
         Debug\forgetpwd.obj
         Debug\moc_adduser.obj
         Debug\moc_dbmaneger.obj
         Debug\moc_forgetpwd.obj
         Debug\moc_myLabel.obj
         Debug\moc_showlist.obj
         Debug\moc_stumgr.obj
         Debug\qrc_stumgr.obj
         Debug\main.obj
         Debug\myLabel.obj
         Debug\myLineEdit.obj
         Debug\showlist.obj
         Debug\SqliteSql.obj
         Debug\student.obj
         Debug\stumgr.obj
         Debug\stuSql.obj
         Debug\teacher.obj
         Debug\teacherSql.obj
         StuMgr.vcxproj -> E:\sourcetreeProject\project\StuMgr\Win32\Debug\StuMgr.exe
     1>Done Building Project "E:\sourcetreeProject\project\StuMgr\StuMgr\StuMgr.vcxproj" (Build target(s)).

Build succeeded.

Time Elapsed 00:01:11.24
