e:\vs-qt-project\stumgr\stumgr\debug\vc120.pdb
e:\vs-qt-project\stumgr\stumgr\debug\teachersql.obj
e:\vs-qt-project\stumgr\stumgr\debug\teacher.obj
e:\vs-qt-project\stumgr\stumgr\debug\stusql.obj
e:\vs-qt-project\stumgr\stumgr\debug\stumgr.obj
e:\vs-qt-project\stumgr\stumgr\debug\student.obj
e:\vs-qt-project\stumgr\stumgr\debug\sqlitesql.obj
e:\vs-qt-project\stumgr\stumgr\debug\showlist.obj
e:\vs-qt-project\stumgr\stumgr\debug\mylineedit.obj
e:\vs-qt-project\stumgr\stumgr\debug\mylabel.obj
e:\vs-qt-project\stumgr\stumgr\debug\main.obj
e:\vs-qt-project\stumgr\stumgr\debug\moc_stumgr.obj
e:\vs-qt-project\stumgr\stumgr\debug\moc_showlist.obj
e:\vs-qt-project\stumgr\stumgr\debug\moc_mylabel.obj
e:\vs-qt-project\stumgr\stumgr\debug\moc_forgetpwd.obj
e:\vs-qt-project\stumgr\stumgr\debug\moc_dbmaneger.obj
e:\vs-qt-project\stumgr\stumgr\debug\moc_adduser.obj
e:\vs-qt-project\stumgr\stumgr\debug\forgetpwd.obj
e:\vs-qt-project\stumgr\stumgr\debug\dbmaneger.obj
e:\vs-qt-project\stumgr\stumgr\debug\adduser.obj
e:\vs-qt-project\stumgr\stumgr\debug\qrc_stumgr.obj
e:\vs-qt-project\stumgr\stumgr\generatedfiles\ui_stumgr.h
e:\vs-qt-project\stumgr\stumgr\generatedfiles\debug\moc_forgetpwd.cpp
e:\vs-qt-project\stumgr\stumgr\generatedfiles\debug\moc_adduser.cpp
e:\vs-qt-project\stumgr\stumgr\generatedfiles\debug\moc_mylabel.cpp
e:\vs-qt-project\stumgr\stumgr\generatedfiles\debug\moc_dbmaneger.cpp
e:\vs-qt-project\stumgr\stumgr\generatedfiles\debug\moc_showlist.cpp
e:\vs-qt-project\stumgr\stumgr\generatedfiles\debug\moc_stumgr.cpp
e:\vs-qt-project\stumgr\stumgr\generatedfiles\qrc_stumgr.cpp
e:\vs-qt-project\stumgr\stumgr\generatedfiles\ui_showlist.h
e:\vs-qt-project\stumgr\stumgr\generatedfiles\ui_dbmaneger.h
e:\vs-qt-project\stumgr\stumgr\generatedfiles\ui_forgetpwd.h
e:\vs-qt-project\stumgr\stumgr\generatedfiles\ui_adduser.h
e:\vs-qt-project\stumgr\win32\debug\stumgr.pdb
e:\vs-qt-project\stumgr\stumgr\debug\stumgr.tlog\cl.command.1.tlog
e:\vs-qt-project\stumgr\stumgr\debug\stumgr.tlog\cl.read.1.tlog
e:\vs-qt-project\stumgr\stumgr\debug\stumgr.tlog\cl.write.1.tlog
e:\vs-qt-project\stumgr\stumgr\debug\stumgr.tlog\custombuild.command.1.tlog
e:\vs-qt-project\stumgr\stumgr\debug\stumgr.tlog\custombuild.read.1.tlog
e:\vs-qt-project\stumgr\stumgr\debug\stumgr.tlog\custombuild.write.1.tlog
e:\vs-qt-project\stumgr\stumgr\debug\stumgr.tlog\link-cvtres.read.1.tlog
e:\vs-qt-project\stumgr\stumgr\debug\stumgr.tlog\link-cvtres.write.1.tlog
e:\vs-qt-project\stumgr\stumgr\debug\stumgr.tlog\link-rc.read.1.tlog
e:\vs-qt-project\stumgr\stumgr\debug\stumgr.tlog\link-rc.write.1.tlog
e:\vs-qt-project\stumgr\stumgr\debug\stumgr.tlog\link.command.1.tlog
e:\vs-qt-project\stumgr\stumgr\debug\stumgr.tlog\link.read.1.tlog
e:\vs-qt-project\stumgr\stumgr\debug\stumgr.tlog\link.write.1.tlog
